#-----------------------------------------------------------
# Vivado v2023.2 (64-bit)
# SW Build 4029153 on Fri Oct 13 20:13:54 MDT 2023
# IP Build 4028589 on Sat Oct 14 00:45:43 MDT 2023
# SharedData Build 4025554 on Tue Oct 10 17:18:54 MDT 2023
# Start of session at: Mon Sep  9 17:29:48 2024
# Process ID: 8282
# Current directory: /home/kungtacheng/mpd/lab0/aquila_build/aquila_mpd
# Command line: vivado aquila_mpd.xpr
# Log file: /home/kungtacheng/mpd/lab0/aquila_build/aquila_mpd/vivado.log
# Journal file: /home/kungtacheng/mpd/lab0/aquila_build/aquila_mpd/vivado.jou
# Running On: LAPTOP-16OE0O8T, OS: Linux, CPU Frequency: 2419.199 MHz, CPU Physical cores: 4, Host memory: 12544 MB
#-----------------------------------------------------------
start_gui
open_project aquila_mpd.xpr
WARNING: [Board 49-26] cannot add Board Part xilinx.com:k24c:part0:1.0 available at /vivado/Vivado/2023.2/data/xhub/boards/XilinxBoardStore/boards/Xilinx/k24c/1.0/board.xml as part xck24-ubva530-2lv-c specified in board_part file is either invalid or not available
WARNING: [Board 49-26] cannot add Board Part xilinx.com:k24i:part0:1.0 available at /vivado/Vivado/2023.2/data/xhub/boards/XilinxBoardStore/boards/Xilinx/k24i/1.0/board.xml as part xck24-ubva530-2lvi-i specified in board_part file is either invalid or not available
WARNING: [Board 49-26] cannot add Board Part xilinx.com:k26c:part0:1.2 available at /vivado/Vivado/2023.2/data/xhub/boards/XilinxBoardStore/boards/Xilinx/k26c/1.2/board.xml as part xck26-sfvc784-2lv-c specified in board_part file is either invalid or not available
WARNING: [Board 49-26] cannot add Board Part xilinx.com:k26c:part0:1.3 available at /vivado/Vivado/2023.2/data/xhub/boards/XilinxBoardStore/boards/Xilinx/k26c/1.3/board.xml as part xck26-sfvc784-2lv-c specified in board_part file is either invalid or not available
WARNING: [Board 49-26] cannot add Board Part xilinx.com:k26c:part0:1.4 available at /vivado/Vivado/2023.2/data/xhub/boards/XilinxBoardStore/boards/Xilinx/k26c/1.4/board.xml as part xck26-sfvc784-2lv-c specified in board_part file is either invalid or not available
WARNING: [Board 49-26] cannot add Board Part xilinx.com:k26i:part0:1.2 available at /vivado/Vivado/2023.2/data/xhub/boards/XilinxBoardStore/boards/Xilinx/k26i/1.2/board.xml as part xck26-sfvc784-2lvi-i specified in board_part file is either invalid or not available
WARNING: [Board 49-26] cannot add Board Part xilinx.com:k26i:part0:1.3 available at /vivado/Vivado/2023.2/data/xhub/boards/XilinxBoardStore/boards/Xilinx/k26i/1.3/board.xml as part xck26-sfvc784-2lvi-i specified in board_part file is either invalid or not available
WARNING: [Board 49-26] cannot add Board Part xilinx.com:k26i:part0:1.4 available at /vivado/Vivado/2023.2/data/xhub/boards/XilinxBoardStore/boards/Xilinx/k26i/1.4/board.xml as part xck26-sfvc784-2lvi-i specified in board_part file is either invalid or not available
WARNING: [Board 49-26] cannot add Board Part xilinx.com:kc705:part0:1.6 available at /vivado/Vivado/2023.2/data/xhub/boards/XilinxBoardStore/boards/Xilinx/kc705/1.6/board.xml as part xc7k325tffg900-2 specified in board_part file is either invalid or not available
WARNING: [Board 49-26] cannot add Board Part xilinx.com:kcu105:part0:1.6 available at /vivado/Vivado/2023.2/data/xhub/boards/XilinxBoardStore/boards/Xilinx/kcu105/1.6/board.xml as part xcku040-ffva1156-2-e specified in board_part file is either invalid or not available
WARNING: [Board 49-26] cannot add Board Part xilinx.com:kcu105:part0:1.7 available at /vivado/Vivado/2023.2/data/xhub/boards/XilinxBoardStore/boards/Xilinx/kcu105/1.7/board.xml as part xcku040-ffva1156-2-e specified in board_part file is either invalid or not available
WARNING: [Board 49-26] cannot add Board Part xilinx.com:kcu116:part0:1.4 available at /vivado/Vivado/2023.2/data/xhub/boards/XilinxBoardStore/boards/Xilinx/kcu116/1.4/board.xml as part xcku5p-ffvb676-2-e specified in board_part file is either invalid or not available
WARNING: [Board 49-26] cannot add Board Part xilinx.com:kcu116:part0:1.5 available at /vivado/Vivado/2023.2/data/xhub/boards/XilinxBoardStore/boards/Xilinx/kcu116/1.5/board.xml as part xcku5p-ffvb676-2-e specified in board_part file is either invalid or not available
WARNING: [Board 49-26] cannot add Board Part xilinx.com:kcu1500:part0:1.2 available at /vivado/Vivado/2023.2/data/xhub/boards/XilinxBoardStore/boards/Xilinx/kcu1500/1.2/board.xml as part xcku115-flvb2104-2-e specified in board_part file is either invalid or not available
WARNING: [Board 49-26] cannot add Board Part xilinx.com:kd240_som:part0:1.0 available at /vivado/Vivado/2023.2/data/xhub/boards/XilinxBoardStore/boards/Xilinx/kd240_som/1.0/board.xml as part xck24-ubva530-2lv-c specified in board_part file is either invalid or not available
WARNING: [Board 49-26] cannot add Board Part xilinx.com:kr260_som:part0:1.0 available at /vivado/Vivado/2023.2/data/xhub/boards/XilinxBoardStore/boards/Xilinx/kr260_som/1.0/board.xml as part xck26-sfvc784-2lv-c specified in board_part file is either invalid or not available
WARNING: [Board 49-26] cannot add Board Part xilinx.com:kr260_som:part0:1.1 available at /vivado/Vivado/2023.2/data/xhub/boards/XilinxBoardStore/boards/Xilinx/kr260_som/1.1/board.xml as part xck26-sfvc784-2lv-c specified in board_part file is either invalid or not available
WARNING: [Board 49-26] cannot add Board Part xilinx.com:kv260_som:part0:1.2 available at /vivado/Vivado/2023.2/data/xhub/boards/XilinxBoardStore/boards/Xilinx/kv260_som/1.2/board.xml as part xck26-sfvc784-2lv-c specified in board_part file is either invalid or not available
WARNING: [Board 49-26] cannot add Board Part xilinx.com:kv260_som:part0:1.3 available at /vivado/Vivado/2023.2/data/xhub/boards/XilinxBoardStore/boards/Xilinx/kv260_som/1.3/board.xml as part xck26-sfvc784-2lv-c specified in board_part file is either invalid or not available
WARNING: [Board 49-26] cannot add Board Part xilinx.com:kv260_som:part0:1.4 available at /vivado/Vivado/2023.2/data/xhub/boards/XilinxBoardStore/boards/Xilinx/kv260_som/1.4/board.xml as part xck26-sfvc784-2lv-c specified in board_part file is either invalid or not available
WARNING: [Board 49-26] cannot add Board Part xilinx.com:vc707:part0:1.4 available at /vivado/Vivado/2023.2/data/xhub/boards/XilinxBoardStore/boards/Xilinx/vc707/1.4/board.xml as part xc7vx485tffg1761-2 specified in board_part file is either invalid or not available
WARNING: [Board 49-26] cannot add Board Part xilinx.com:vc709:part0:1.8 available at /vivado/Vivado/2023.2/data/xhub/boards/XilinxBoardStore/boards/Xilinx/vc709/1.8/board.xml as part xc7vx690tffg1761-2 specified in board_part file is either invalid or not available
WARNING: [Board 49-26] cannot add Board Part xilinx.com:vck190:part0:2.2 available at /vivado/Vivado/2023.2/data/xhub/boards/XilinxBoardStore/boards/Xilinx/vck190/production/2.2/board.xml as part xcvc1902-vsva2197-2mp-e-s specified in board_part file is either invalid or not available
WARNING: [Board 49-26] cannot add Board Part xilinx.com:vck190:part0:3.0 available at /vivado/Vivado/2023.2/data/xhub/boards/XilinxBoardStore/boards/Xilinx/vck190/production/3.0/board.xml as part xcvc1902-vsva2197-2mp-e-s specified in board_part file is either invalid or not available
WARNING: [Board 49-26] cannot add Board Part xilinx.com:vck190:part0:3.1 available at /vivado/Vivado/2023.2/data/xhub/boards/XilinxBoardStore/boards/Xilinx/vck190/production/3.1/board.xml as part xcvc1902-vsva2197-2mp-e-s specified in board_part file is either invalid or not available
WARNING: [Board 49-26] cannot add Board Part xilinx.com:vck190:part0:3.2 available at /vivado/Vivado/2023.2/data/xhub/boards/XilinxBoardStore/boards/Xilinx/vck190/production/3.2/board.xml as part xcvc1902-vsva2197-2mp-e-s specified in board_part file is either invalid or not available
WARNING: [Board 49-26] cannot add Board Part xilinx.com:vck190_newl:part0:1.0 available at /vivado/Vivado/2023.2/data/xhub/boards/XilinxBoardStore/boards/Xilinx/vck190_newl/production/1.0/board.xml as part xcvc1902-vsva2197-2mp-e-s specified in board_part file is either invalid or not available
WARNING: [Board 49-26] cannot add Board Part xilinx.com:vck190_newl:part0:1.1 available at /vivado/Vivado/2023.2/data/xhub/boards/XilinxBoardStore/boards/Xilinx/vck190_newl/production/1.1/board.xml as part xcvc1902-vsva2197-2mp-e-s specified in board_part file is either invalid or not available
WARNING: [Board 49-26] cannot add Board Part xilinx.com:vcu108:part0:1.6 available at /vivado/Vivado/2023.2/data/xhub/boards/XilinxBoardStore/boards/Xilinx/vcu108/1.6/board.xml as part xcvu095-ffva2104-2-e specified in board_part file is either invalid or not available
WARNING: [Board 49-26] cannot add Board Part xilinx.com:vcu108:part0:1.7 available at /vivado/Vivado/2023.2/data/xhub/boards/XilinxBoardStore/boards/Xilinx/vcu108/1.7/board.xml as part xcvu095-ffva2104-2-e specified in board_part file is either invalid or not available
WARNING: [Board 49-26] cannot add Board Part xilinx.com:vcu110:part0:1.4 available at /vivado/Vivado/2023.2/data/xhub/boards/XilinxBoardStore/boards/Xilinx/vcu110/1.4/board.xml as part xcvu190-flgc2104-2-e specified in board_part file is either invalid or not available
WARNING: [Board 49-26] cannot add Board Part xilinx.com:vcu118:part0:2.0 available at /vivado/Vivado/2023.2/data/xhub/boards/XilinxBoardStore/boards/Xilinx/vcu118/2.0/board.xml as part xcvu9p-flga2104-2l-e specified in board_part file is either invalid or not available
WARNING: [Board 49-26] cannot add Board Part xilinx.com:vcu118:part0:2.3 available at /vivado/Vivado/2023.2/data/xhub/boards/XilinxBoardStore/boards/Xilinx/vcu118/2.3/board.xml as part xcvu9p-flga2104-2l-e specified in board_part file is either invalid or not available
WARNING: [Board 49-26] cannot add Board Part xilinx.com:vcu118:part0:2.4 available at /vivado/Vivado/2023.2/data/xhub/boards/XilinxBoardStore/boards/Xilinx/vcu118/2.4/board.xml as part xcvu9p-flga2104-2l-e specified in board_part file is either invalid or not available
WARNING: [Board 49-26] cannot add Board Part xilinx.com:vcu128:part0:1.0 available at /vivado/Vivado/2023.2/data/xhub/boards/XilinxBoardStore/boards/Xilinx/vcu128/production/1.0/board.xml as part xcvu37p-fsvh2892-2l-e specified in board_part file is either invalid or not available
WARNING: [Board 49-26] cannot add Board Part xilinx.com:vcu129:part0:1.0 available at /vivado/Vivado/2023.2/data/xhub/boards/XilinxBoardStore/boards/Xilinx/vcu129/production/1.0/board.xml as part xcvu29p-fsga2577-2l-e specified in board_part file is either invalid or not available
WARNING: [Board 49-26] cannot add Board Part xilinx.com:vcu1525:part0:1.3 available at /vivado/Vivado/2023.2/data/xhub/boards/XilinxBoardStore/boards/Xilinx/vcu1525/1.3/board.xml as part xcvu9p-fsgd2104-2l-e specified in board_part file is either invalid or not available
WARNING: [Board 49-26] cannot add Board Part xilinx.com:vek280:part0:1.0 available at /vivado/Vivado/2023.2/data/xhub/boards/XilinxBoardStore/boards/Xilinx/vek280/production/1.0/board.xml as part xcve2802-vsvh1760-2mp-e-s specified in board_part file is either invalid or not available
WARNING: [Board 49-26] cannot add Board Part xilinx.com:vek280_es:part0:1.0 available at /vivado/Vivado/2023.2/data/xhub/boards/XilinxBoardStore/boards/Xilinx/vek280/es/rev_a/1.0/board.xml as part xcve2802-vsvh1760-2lp-e-s-es1 specified in board_part file is either invalid or not available
WARNING: [Board 49-26] cannot add Board Part xilinx.com:vek280_es:part0:1.1 available at /vivado/Vivado/2023.2/data/xhub/boards/XilinxBoardStore/boards/Xilinx/vek280/es/rev_a/1.1/board.xml as part xcve2802-vsvh1760-2lp-e-s-es1 specified in board_part file is either invalid or not available
WARNING: [Board 49-26] cannot add Board Part xilinx.com:vek280_es_revb:part0:1.0 available at /vivado/Vivado/2023.2/data/xhub/boards/XilinxBoardStore/boards/Xilinx/vek280/es/rev_b/1.0/board.xml as part xcve2802-vsvh1760-2mp-e-s-es1 specified in board_part file is either invalid or not available
WARNING: [Board 49-26] cannot add Board Part xilinx.com:vek280_es_revb:part0:1.1 available at /vivado/Vivado/2023.2/data/xhub/boards/XilinxBoardStore/boards/Xilinx/vek280/es/rev_b/1.1/board.xml as part xcve2802-vsvh1760-2mp-e-s-es1 specified in board_part file is either invalid or not available
WARNING: [Board 49-26] cannot add Board Part xilinx.com:vermeo_t1_mpsoc:part0:1.0 available at /vivado/Vivado/2023.2/data/xhub/boards/XilinxBoardStore/boards/Xilinx/vermeo_t1_mpsoc/1.0/board.xml as part xczu19eg-ffvd1760-2l-e specified in board_part file is either invalid or not available
WARNING: [Board 49-26] cannot add Board Part xilinx.com:vermeo_t1_rfsoc:part0:1.0 available at /vivado/Vivado/2023.2/data/xhub/boards/XilinxBoardStore/boards/Xilinx/vermeo_t1_rfsoc/1.0/board.xml as part xczu21dr-ffvd1156-2l-e specified in board_part file is either invalid or not available
WARNING: [Board 49-26] cannot add Board Part xilinx.com:vhk158:part0:1.0 available at /vivado/Vivado/2023.2/data/xhub/boards/XilinxBoardStore/boards/Xilinx/vhk158/production/1.0/board.xml as part xcvh1582-vsva3697-2mp-e-s specified in board_part file is either invalid or not available
WARNING: [Board 49-26] cannot add Board Part xilinx.com:vhk158:part0:1.1 available at /vivado/Vivado/2023.2/data/xhub/boards/XilinxBoardStore/boards/Xilinx/vhk158/production/1.1/board.xml as part xcvh1582-vsva3697-2mp-e-s specified in board_part file is either invalid or not available
WARNING: [Board 49-26] cannot add Board Part xilinx.com:vhk158_es:part0:1.0 available at /vivado/Vivado/2023.2/data/xhub/boards/XilinxBoardStore/boards/Xilinx/vhk158/es/1.0/board.xml as part xcvh1582-vsva3697-2mp-e-s-es1 specified in board_part file is either invalid or not available
WARNING: [Board 49-26] cannot add Board Part xilinx.com:vhk158_es:part0:1.1 available at /vivado/Vivado/2023.2/data/xhub/boards/XilinxBoardStore/boards/Xilinx/vhk158/es/1.1/board.xml as part xcvh1582-vsva3697-2mp-e-s-es1 specified in board_part file is either invalid or not available
WARNING: [Board 49-26] cannot add Board Part xilinx.com:vmk180:part0:2.2 available at /vivado/Vivado/2023.2/data/xhub/boards/XilinxBoardStore/boards/Xilinx/vmk180/production/2.2/board.xml as part xcvm1802-vsva2197-2mp-e-s specified in board_part file is either invalid or not available
WARNING: [Board 49-26] cannot add Board Part xilinx.com:vmk180:part0:3.0 available at /vivado/Vivado/2023.2/data/xhub/boards/XilinxBoardStore/boards/Xilinx/vmk180/production/3.0/board.xml as part xcvm1802-vsva2197-2mp-e-s specified in board_part file is either invalid or not available
WARNING: [Board 49-26] cannot add Board Part xilinx.com:vmk180:part0:3.1 available at /vivado/Vivado/2023.2/data/xhub/boards/XilinxBoardStore/boards/Xilinx/vmk180/production/3.1/board.xml as part xcvm1802-vsva2197-2mp-e-s specified in board_part file is either invalid or not available
WARNING: [Board 49-26] cannot add Board Part xilinx.com:vmk180:part0:3.2 available at /vivado/Vivado/2023.2/data/xhub/boards/XilinxBoardStore/boards/Xilinx/vmk180/production/3.2/board.xml as part xcvm1802-vsva2197-2mp-e-s specified in board_part file is either invalid or not available
WARNING: [Board 49-26] cannot add Board Part xilinx.com:vmk180_newl:part0:1.0 available at /vivado/Vivado/2023.2/data/xhub/boards/XilinxBoardStore/boards/Xilinx/vmk180_newl/production/1.0/board.xml as part xcvm1802-vsva2197-2mp-e-s specified in board_part file is either invalid or not available
WARNING: [Board 49-26] cannot add Board Part xilinx.com:vmk180_newl:part0:1.1 available at /vivado/Vivado/2023.2/data/xhub/boards/XilinxBoardStore/boards/Xilinx/vmk180_newl/production/1.1/board.xml as part xcvm1802-vsva2197-2mp-e-s specified in board_part file is either invalid or not available
WARNING: [Board 49-26] cannot add Board Part xilinx.com:vpk120:part0:1.0 available at /vivado/Vivado/2023.2/data/xhub/boards/XilinxBoardStore/boards/Xilinx/vpk120/production/1.0/board.xml as part xcvp1202-vsva2785-2mp-e-s specified in board_part file is either invalid or not available
WARNING: [Board 49-26] cannot add Board Part xilinx.com:vpk120:part0:1.1 available at /vivado/Vivado/2023.2/data/xhub/boards/XilinxBoardStore/boards/Xilinx/vpk120/production/1.1/board.xml as part xcvp1202-vsva2785-2mp-e-s specified in board_part file is either invalid or not available
WARNING: [Board 49-26] cannot add Board Part xilinx.com:vpk120:part0:1.2 available at /vivado/Vivado/2023.2/data/xhub/boards/XilinxBoardStore/boards/Xilinx/vpk120/production/1.2/board.xml as part xcvp1202-vsva2785-2mp-e-s specified in board_part file is either invalid or not available
WARNING: [Board 49-26] cannot add Board Part xilinx.com:vpk180:part0:1.0 available at /vivado/Vivado/2023.2/data/xhub/boards/XilinxBoardStore/boards/Xilinx/vpk180/production/1.0/board.xml as part xcvp1802-lsvc4072-2mp-e-s specified in board_part file is either invalid or not available
WARNING: [Board 49-26] cannot add Board Part xilinx.com:vpk180:part0:1.1 available at /vivado/Vivado/2023.2/data/xhub/boards/XilinxBoardStore/boards/Xilinx/vpk180/production/1.1/board.xml as part xcvp1802-lsvc4072-2mp-e-s specified in board_part file is either invalid or not available
WARNING: [Board 49-26] cannot add Board Part xilinx.com:zc702:part0:1.4 available at /vivado/Vivado/2023.2/data/xhub/boards/XilinxBoardStore/boards/Xilinx/zc702/1.4/board.xml as part xc7z020clg484-1 specified in board_part file is either invalid or not available
WARNING: [Board 49-26] cannot add Board Part xilinx.com:zc706:part0:1.4 available at /vivado/Vivado/2023.2/data/xhub/boards/XilinxBoardStore/boards/Xilinx/zc706/1.4/board.xml as part xc7z045ffg900-2 specified in board_part file is either invalid or not available
WARNING: [Board 49-26] cannot add Board Part xilinx.com:zcu102:part0:3.3 available at /vivado/Vivado/2023.2/data/xhub/boards/XilinxBoardStore/boards/Xilinx/zcu102/3.3/board.xml as part xczu9eg-ffvb1156-2-e specified in board_part file is either invalid or not available
WARNING: [Board 49-26] cannot add Board Part xilinx.com:zcu102:part0:3.4 available at /vivado/Vivado/2023.2/data/xhub/boards/XilinxBoardStore/boards/Xilinx/zcu102/3.4/board.xml as part xczu9eg-ffvb1156-2-e specified in board_part file is either invalid or not available
WARNING: [Board 49-26] cannot add Board Part xilinx.com:zcu104:part0:1.1 available at /vivado/Vivado/2023.2/data/xhub/boards/XilinxBoardStore/boards/Xilinx/zcu104/1.1/board.xml as part xczu7ev-ffvc1156-2-e specified in board_part file is either invalid or not available
WARNING: [Board 49-26] cannot add Board Part xilinx.com:zcu106:part0:2.4 available at /vivado/Vivado/2023.2/data/xhub/boards/XilinxBoardStore/boards/Xilinx/zcu106/2.4/board.xml as part xczu7ev-ffvc1156-2-e specified in board_part file is either invalid or not available
WARNING: [Board 49-26] cannot add Board Part xilinx.com:zcu106:part0:2.5 available at /vivado/Vivado/2023.2/data/xhub/boards/XilinxBoardStore/boards/Xilinx/zcu106/2.5/board.xml as part xczu7ev-ffvc1156-2-e specified in board_part file is either invalid or not available
WARNING: [Board 49-26] cannot add Board Part xilinx.com:zcu106:part0:2.6 available at /vivado/Vivado/2023.2/data/xhub/boards/XilinxBoardStore/boards/Xilinx/zcu106/2.6/board.xml as part xczu7ev-ffvc1156-2-e specified in board_part file is either invalid or not available
WARNING: [Board 49-26] cannot add Board Part xilinx.com:zcu111:part0:1.2 available at /vivado/Vivado/2023.2/data/xhub/boards/XilinxBoardStore/boards/Xilinx/zcu111/1.2/board.xml as part xczu28dr-ffvg1517-2-e specified in board_part file is either invalid or not available
WARNING: [Board 49-26] cannot add Board Part xilinx.com:zcu111:part0:1.3 available at /vivado/Vivado/2023.2/data/xhub/boards/XilinxBoardStore/boards/Xilinx/zcu111/1.3/board.xml as part xczu28dr-ffvg1517-2-e specified in board_part file is either invalid or not available
WARNING: [Board 49-26] cannot add Board Part xilinx.com:zcu111:part0:1.4 available at /vivado/Vivado/2023.2/data/xhub/boards/XilinxBoardStore/boards/Xilinx/zcu111/1.4/board.xml as part xczu28dr-ffvg1517-2-e specified in board_part file is either invalid or not available
WARNING: [Board 49-26] cannot add Board Part xilinx.com:zcu1275:part0:1.0 available at /vivado/Vivado/2023.2/data/xhub/boards/XilinxBoardStore/boards/Xilinx/zcu1275/1.0/board.xml as part xczu29dr-ffvf1760-2-e specified in board_part file is either invalid or not available
WARNING: [Board 49-26] cannot add Board Part xilinx.com:zcu1285:part0:1.0 available at /vivado/Vivado/2023.2/data/xhub/boards/XilinxBoardStore/boards/Xilinx/zcu1285/1.0/board.xml as part xczu39dr-ffvf1760-2-i specified in board_part file is either invalid or not available
WARNING: [Board 49-26] cannot add Board Part xilinx.com:zcu208:part0:2.0 available at /vivado/Vivado/2023.2/data/xhub/boards/XilinxBoardStore/boards/Xilinx/zcu208/production/2.0/board.xml as part xczu48dr-fsvg1517-2-e specified in board_part file is either invalid or not available
WARNING: [Board 49-26] cannot add Board Part xilinx.com:zcu208ld:part0:2.0 available at /vivado/Vivado/2023.2/data/xhub/boards/XilinxBoardStore/boards/Xilinx/zcu208ld/production/2.0/board.xml as part xczu58dr-fsvg1517-2-i specified in board_part file is either invalid or not available
WARNING: [Board 49-26] cannot add Board Part xilinx.com:zcu216:part0:2.0 available at /vivado/Vivado/2023.2/data/xhub/boards/XilinxBoardStore/boards/Xilinx/zcu216/production/2.0/board.xml as part xczu49dr-ffvf1760-2-e specified in board_part file is either invalid or not available
WARNING: [Board 49-26] cannot add Board Part xilinx.com:zcu216ld:part0:2.0 available at /vivado/Vivado/2023.2/data/xhub/boards/XilinxBoardStore/boards/Xilinx/zcu216ld/production/2.0/board.xml as part xczu59dr-ffvf1760-2-i specified in board_part file is either invalid or not available
WARNING: [Board 49-26] cannot add Board Part xilinx.com:zcu670:part0:2.0 available at /vivado/Vivado/2023.2/data/xhub/boards/XilinxBoardStore/boards/Xilinx/zcu670/2.0/board.xml as part xczu67dr-fsve1156-2-i specified in board_part file is either invalid or not available
WARNING: [Board 49-26] cannot add Board Part xilinx.com:zcu670ld:part0:1.0 available at /vivado/Vivado/2023.2/data/xhub/boards/XilinxBoardStore/boards/Xilinx/zcu670ld/1.0/board.xml as part xczu57dr-fsve1156-2-i specified in board_part file is either invalid or not available
Scanning sources...
Finished scanning sources
INFO: [IP_Flow 19-234] Refreshing IP repositories
INFO: [IP_Flow 19-1704] No user IP repositories specified
INFO: [IP_Flow 19-2313] Loaded Vivado IP repository '/vivado/Vivado/2023.2/data/ip'.
open_project: Time (s): cpu = 00:01:04 ; elapsed = 00:00:22 . Memory (MB): peak = 7800.492 ; gain = 374.109 ; free physical = 6948 ; free virtual = 12437
update_compile_order -fileset sources_1
launch_simulation
Command: launch_simulation 
INFO: [Vivado 12-12493] Simulation top is 'soc_tb'
INFO: [Vivado 12-5698] Checking validity of IPs in the design for the 'XSim' simulator...
INFO: [Vivado 12-5682] Launching behavioral simulation in '/home/kungtacheng/mpd/lab0/aquila_build/aquila_mpd/aquila_mpd.sim/sim_1/behav/xsim'
INFO: [Vivado 12-13660] Precompiled IP simulation library mode is enabled (default). The design IP libraries will be referenced from the compiled library path. Please note that if the precompiled version of the library is not found from the path or the IP is in locked state, then the library source files for these IPs will be compiled locally as part of the compile order.
INFO: [Vivado 12-4795] Using compiled simulation libraries for IPs
INFO: [SIM-utils-51] Simulation object is 'sim_1'
INFO: [SIM-utils-72] Using boost library from '/vivado/Vivado/2023.2/tps/boost_1_72_0'
INFO: [USF-XSim-7] Finding pre-compiled libraries...
INFO: [USF-XSim-11] File '/vivado/Vivado/2023.2/data/xsim/xsim.ini' copied to run dir:'/home/kungtacheng/mpd/lab0/aquila_build/aquila_mpd/aquila_mpd.sim/sim_1/behav/xsim'
INFO: [SIM-utils-54] Inspecting design source files for 'soc_tb' in fileset 'sim_1'...
INFO: [SIM-utils-43] Exported '/home/kungtacheng/mpd/lab0/aquila_build/aquila_mpd/aquila_mpd.sim/sim_1/behav/xsim/uartboot.mem'
INFO: [USF-XSim-97] Finding global include files...
INFO: [USF-XSim-98] Fetching design files from 'sim_1'...
INFO: [USF-XSim-2] XSim::Compile design
INFO: [USF-XSim-61] Executing 'COMPILE and ANALYZE' step in '/home/kungtacheng/mpd/lab0/aquila_build/aquila_mpd/aquila_mpd.sim/sim_1/behav/xsim'
xvlog --incr --relax -prj soc_tb_vlog.prj
INFO: [VRFC 10-2263] Analyzing Verilog file "/home/kungtacheng/mpd/lab0/aquila_build/aquila_mpd/aquila_mpd.srcs/sources_1/imports/src/core_rtl/alu.v" into library xil_defaultlib
INFO: [VRFC 10-311] analyzing module alu
INFO: [VRFC 10-2263] Analyzing Verilog file "/home/kungtacheng/mpd/lab0/aquila_build/aquila_mpd/aquila_mpd.srcs/sources_1/imports/src/core_rtl/aquila_top.v" into library xil_defaultlib
INFO: [VRFC 10-311] analyzing module aquila_top
INFO: [VRFC 10-2263] Analyzing Verilog file "/home/kungtacheng/mpd/lab0/aquila_build/aquila_mpd/aquila_mpd.srcs/sources_1/imports/src/core_rtl/atomic_unit.v" into library xil_defaultlib
INFO: [VRFC 10-311] analyzing module atomic_unit
INFO: [VRFC 10-2263] Analyzing Verilog file "/home/kungtacheng/mpd/lab0/aquila_build/aquila_mpd/aquila_mpd.srcs/sources_1/imports/src/core_rtl/bcu.v" into library xil_defaultlib
INFO: [VRFC 10-311] analyzing module bcu
INFO: [VRFC 10-2263] Analyzing Verilog file "/home/kungtacheng/mpd/lab0/aquila_build/aquila_mpd/aquila_mpd.srcs/sources_1/imports/src/core_rtl/bpu.v" into library xil_defaultlib
INFO: [VRFC 10-311] analyzing module bpu
INFO: [VRFC 10-2263] Analyzing Verilog file "/home/kungtacheng/mpd/lab0/aquila_build/aquila_mpd/aquila_mpd.srcs/sources_1/imports/src/core_rtl/clint.v" into library xil_defaultlib
INFO: [VRFC 10-311] analyzing module clint
INFO: [VRFC 10-2263] Analyzing Verilog file "/home/kungtacheng/mpd/lab0/aquila_build/aquila_mpd/aquila_mpd.srcs/sources_1/imports/src/core_rtl/core_top.v" into library xil_defaultlib
INFO: [VRFC 10-311] analyzing module core_top
INFO: [VRFC 10-2263] Analyzing Verilog file "/home/kungtacheng/mpd/lab0/aquila_build/aquila_mpd/aquila_mpd.srcs/sources_1/imports/src/core_rtl/csr_file.v" into library xil_defaultlib
INFO: [VRFC 10-311] analyzing module csr_file
INFO: [VRFC 10-2263] Analyzing Verilog file "/home/kungtacheng/mpd/lab0/aquila_build/aquila_mpd/aquila_mpd.srcs/sources_1/imports/src/core_rtl/decode.v" into library xil_defaultlib
INFO: [VRFC 10-311] analyzing module decode
INFO: [VRFC 10-2263] Analyzing Verilog file "/home/kungtacheng/mpd/lab0/aquila_build/aquila_mpd/aquila_mpd.srcs/sources_1/imports/src/core_rtl/distri_ram.v" into library xil_defaultlib
INFO: [VRFC 10-311] analyzing module distri_ram
INFO: [VRFC 10-2263] Analyzing Verilog file "/home/kungtacheng/mpd/lab0/aquila_build/aquila_mpd/aquila_mpd.srcs/sources_1/imports/src/core_rtl/execute.v" into library xil_defaultlib
INFO: [VRFC 10-311] analyzing module execute
INFO: [VRFC 10-2263] Analyzing Verilog file "/home/kungtacheng/mpd/lab0/aquila_build/aquila_mpd/aquila_mpd.srcs/sources_1/imports/src/core_rtl/fetch.v" into library xil_defaultlib
INFO: [VRFC 10-311] analyzing module fetch
INFO: [VRFC 10-2263] Analyzing Verilog file "/home/kungtacheng/mpd/lab0/aquila_build/aquila_mpd/aquila_mpd.srcs/sources_1/imports/src/core_rtl/forwarding_unit.v" into library xil_defaultlib
INFO: [VRFC 10-311] analyzing module forwarding_unit
INFO: [VRFC 10-2263] Analyzing Verilog file "/home/kungtacheng/mpd/lab0/aquila_build/aquila_mpd/aquila_mpd.srcs/sources_1/imports/src/core_rtl/memory.v" into library xil_defaultlib
INFO: [VRFC 10-311] analyzing module memory
INFO: [VRFC 10-2263] Analyzing Verilog file "/home/kungtacheng/mpd/lab0/aquila_build/aquila_mpd/aquila_mpd.srcs/sources_1/imports/src/core_rtl/muldiv.v" into library xil_defaultlib
INFO: [VRFC 10-311] analyzing module muldiv
INFO: [VRFC 10-2263] Analyzing Verilog file "/home/kungtacheng/mpd/lab0/aquila_build/aquila_mpd/aquila_mpd.srcs/sources_1/imports/src/core_rtl/pipeline_control.v" into library xil_defaultlib
INFO: [VRFC 10-311] analyzing module pipeline_control
INFO: [VRFC 10-2263] Analyzing Verilog file "/home/kungtacheng/mpd/lab0/aquila_build/aquila_mpd/aquila_mpd.srcs/sources_1/imports/src/core_rtl/program_counter.v" into library xil_defaultlib
INFO: [VRFC 10-311] analyzing module program_counter
INFO: [VRFC 10-2263] Analyzing Verilog file "/home/kungtacheng/mpd/lab0/aquila_build/aquila_mpd/aquila_mpd.srcs/sources_1/imports/src/core_rtl/reg_file.v" into library xil_defaultlib
INFO: [VRFC 10-311] analyzing module reg_file
INFO: [VRFC 10-2263] Analyzing Verilog file "/home/kungtacheng/mpd/lab0/aquila_build/aquila_mpd/aquila_mpd.srcs/sources_1/imports/src/core_rtl/sram_dp.v" into library xil_defaultlib
INFO: [VRFC 10-311] analyzing module sram_dp
INFO: [VRFC 10-2263] Analyzing Verilog file "/home/kungtacheng/mpd/lab0/aquila_build/aquila_mpd/aquila_mpd.srcs/sources_1/imports/src/soc_rtl/uart.v" into library xil_defaultlib
INFO: [VRFC 10-311] analyzing module uart
INFO: [VRFC 10-2263] Analyzing Verilog file "/home/kungtacheng/mpd/lab0/aquila_build/aquila_mpd/aquila_mpd.srcs/sources_1/imports/src/core_rtl/writeback.v" into library xil_defaultlib
INFO: [VRFC 10-311] analyzing module writeback
INFO: [VRFC 10-2263] Analyzing Verilog file "/home/kungtacheng/mpd/lab0/aquila_build/aquila_mpd/aquila_mpd.srcs/sim_1/imports/soc_rtl/soc_tb.v" into library xil_defaultlib
INFO: [VRFC 10-311] analyzing module soc_tb
INFO: [VRFC 10-2263] Analyzing Verilog file "/home/kungtacheng/mpd/lab0/aquila_build/aquila_mpd/aquila_mpd.sim/sim_1/behav/xsim/glbl.v" into library xil_defaultlib
INFO: [VRFC 10-311] analyzing module glbl
Waiting for jobs to finish...
No pending jobs, compilation finished.
execute_script: Time (s): cpu = 00:00:16 ; elapsed = 00:00:10 . Memory (MB): peak = 7898.652 ; gain = 0.000 ; free physical = 6668 ; free virtual = 12218
INFO: [USF-XSim-69] 'compile' step finished in '10' seconds
INFO: [USF-XSim-3] XSim::Elaborate design
INFO: [USF-XSim-61] Executing 'ELABORATE' step in '/home/kungtacheng/mpd/lab0/aquila_build/aquila_mpd/aquila_mpd.sim/sim_1/behav/xsim'
xelab --incr --debug typical --relax --mt 8 -d ARTY=true -L xil_defaultlib -L unisims_ver -L unimacro_ver -L secureip -L xpm --snapshot soc_tb_behav xil_defaultlib.soc_tb xil_defaultlib.glbl -log elaborate.log
Vivado Simulator v2023.2
Copyright 1986-2022 Xilinx, Inc. All Rights Reserved.
Copyright 2022-2023 Advanced Micro Devices, Inc. All Rights Reserved.
Running: /vivado/Vivado/2023.2/bin/unwrapped/lnx64.o/xelab --incr --debug typical --relax --mt 8 -d ARTY=true -L xil_defaultlib -L unisims_ver -L unimacro_ver -L secureip -L xpm --snapshot soc_tb_behav xil_defaultlib.soc_tb xil_defaultlib.glbl -log elaborate.log 
Using 8 slave threads.
Starting static elaboration
Pass Through NonSizing Optimizer
WARNING: [VRFC 10-5021] port 'm_data_i' is not connected on this instance [/home/kungtacheng/mpd/lab0/aquila_build/aquila_mpd/aquila_mpd.srcs/sources_1/imports/src/core_rtl/core_top.v:946]
Completed static elaboration
Starting simulation data flow analysis
Completed simulation data flow analysis
Time Resolution for simulation is 1ps
Compiling module xil_defaultlib.pipeline_control
Compiling module xil_defaultlib.forwarding_unit
Compiling module xil_defaultlib.distri_ram(ENTRY_NUM=64,XLEN=64)
Compiling module xil_defaultlib.bpu_default
Compiling module xil_defaultlib.reg_file_default
Compiling module xil_defaultlib.program_counter
Compiling module xil_defaultlib.fetch
Compiling module xil_defaultlib.decode
Compiling module xil_defaultlib.alu
Compiling module xil_defaultlib.muldiv
Compiling module xil_defaultlib.bcu
Compiling module xil_defaultlib.execute
Compiling module xil_defaultlib.memory
Compiling module xil_defaultlib.writeback
Compiling module xil_defaultlib.csr_file
Compiling module xil_defaultlib.core_top
Compiling module xil_defaultlib.sram_dp(N_ENTRIES=16384)
Compiling module xil_defaultlib.clint
Compiling module xil_defaultlib.atomic_unit
Compiling module xil_defaultlib.aquila_top
Compiling module xil_defaultlib.uart(BAUD=16'b01101100100)
Compiling module xil_defaultlib.soc_tb
Compiling module xil_defaultlib.glbl
Built simulation snapshot soc_tb_behav
execute_script: Time (s): cpu = 00:00:22 ; elapsed = 00:00:17 . Memory (MB): peak = 7908.637 ; gain = 9.984 ; free physical = 6627 ; free virtual = 12248
INFO: [USF-XSim-69] 'elaborate' step finished in '16' seconds
INFO: [USF-XSim-4] XSim::Simulate design
INFO: [USF-XSim-61] Executing 'SIMULATE' step in '/home/kungtacheng/mpd/lab0/aquila_build/aquila_mpd/aquila_mpd.sim/sim_1/behav/xsim'
INFO: [USF-XSim-98] *** Running xsim
   with args "soc_tb_behav -key {Behavioral:sim_1:Functional:soc_tb} -tclbatch {soc_tb.tcl} -log {simulate.log}"
INFO: [USF-XSim-8] Loading simulator feature
Time resolution is 1 ps
source soc_tb.tcl
# set curr_wave [current_wave_config]
# if { [string length $curr_wave] == 0 } {
#   if { [llength [get_objects]] > 0} {
#     add_wave /
#     set_property needs_save false [current_wave_config]
#   } else {
#      send_msg_id Add_Wave-1 WARNING "No top level signals found. Simulator will start without a wave window. If you want to open a wave window go to 'File->New Waveform Configuration' or type 'create_wave_config' in the TCL console."
#   }
# }
# run 1000ns
WARNING: file /home/kungtacheng/mpd/lab0/aquila_sw/Dhrystone/dhry.elf could not be opened
Open file /home/kungtacheng/mpd/lab0/aquila_sw/Dhrystone/dhry.elf failed
$stop called at time : 0 fs : File "/home/kungtacheng/mpd/lab0/aquila_build/aquila_mpd/aquila_mpd.srcs/sources_1/imports/src/soc_rtl/uart.v" Line 258
xsim: Time (s): cpu = 00:00:33 ; elapsed = 00:00:09 . Memory (MB): peak = 7975.852 ; gain = 61.758 ; free physical = 6570 ; free virtual = 12205
INFO: [USF-XSim-96] XSim completed. Design snapshot 'soc_tb_behav' loaded.
INFO: [USF-XSim-97] XSim simulation ran for 1000ns
launch_simulation: Time (s): cpu = 00:01:34 ; elapsed = 00:00:41 . Memory (MB): peak = 7975.852 ; gain = 77.215 ; free physical = 6570 ; free virtual = 12205
close_sim
INFO: [Simtcl 6-16] Simulation closed
launch_simulation
Command: launch_simulation 
INFO: [Vivado 12-12493] Simulation top is 'soc_tb'
INFO: [Vivado 12-5698] Checking validity of IPs in the design for the 'XSim' simulator...
INFO: [Vivado 12-5682] Launching behavioral simulation in '/home/kungtacheng/mpd/lab0/aquila_build/aquila_mpd/aquila_mpd.sim/sim_1/behav/xsim'
INFO: [Vivado 12-13660] Precompiled IP simulation library mode is enabled (default). The design IP libraries will be referenced from the compiled library path. Please note that if the precompiled version of the library is not found from the path or the IP is in locked state, then the library source files for these IPs will be compiled locally as part of the compile order.
INFO: [Vivado 12-4795] Using compiled simulation libraries for IPs
INFO: [SIM-utils-51] Simulation object is 'sim_1'
INFO: [SIM-utils-72] Using boost library from '/vivado/Vivado/2023.2/tps/boost_1_72_0'
INFO: [USF-XSim-7] Finding pre-compiled libraries...
INFO: [USF-XSim-11] File '/vivado/Vivado/2023.2/data/xsim/xsim.ini' copied to run dir:'/home/kungtacheng/mpd/lab0/aquila_build/aquila_mpd/aquila_mpd.sim/sim_1/behav/xsim'
INFO: [SIM-utils-54] Inspecting design source files for 'soc_tb' in fileset 'sim_1'...
INFO: [SIM-utils-43] Exported '/home/kungtacheng/mpd/lab0/aquila_build/aquila_mpd/aquila_mpd.sim/sim_1/behav/xsim/uartboot.mem'
INFO: [USF-XSim-97] Finding global include files...
INFO: [USF-XSim-98] Fetching design files from 'sim_1'...
INFO: [USF-XSim-2] XSim::Compile design
INFO: [USF-XSim-61] Executing 'COMPILE and ANALYZE' step in '/home/kungtacheng/mpd/lab0/aquila_build/aquila_mpd/aquila_mpd.sim/sim_1/behav/xsim'
xvlog --incr --relax -prj soc_tb_vlog.prj
Waiting for jobs to finish...
No pending jobs, compilation finished.
INFO: [USF-XSim-69] 'compile' step finished in '3' seconds
INFO: [USF-XSim-3] XSim::Elaborate design
INFO: [USF-XSim-61] Executing 'ELABORATE' step in '/home/kungtacheng/mpd/lab0/aquila_build/aquila_mpd/aquila_mpd.sim/sim_1/behav/xsim'
xelab --incr --debug typical --relax --mt 8 -d ARTY=true -L xil_defaultlib -L unisims_ver -L unimacro_ver -L secureip -L xpm --snapshot soc_tb_behav xil_defaultlib.soc_tb xil_defaultlib.glbl -log elaborate.log
Vivado Simulator v2023.2
Copyright 1986-2022 Xilinx, Inc. All Rights Reserved.
Copyright 2022-2023 Advanced Micro Devices, Inc. All Rights Reserved.
Running: /vivado/Vivado/2023.2/bin/unwrapped/lnx64.o/xelab --incr --debug typical --relax --mt 8 -d ARTY=true -L xil_defaultlib -L unisims_ver -L unimacro_ver -L secureip -L xpm --snapshot soc_tb_behav xil_defaultlib.soc_tb xil_defaultlib.glbl -log elaborate.log 
Using 8 slave threads.
Starting static elaboration
Pass Through NonSizing Optimizer
WARNING: [VRFC 10-5021] port 'm_data_i' is not connected on this instance [/home/kungtacheng/mpd/lab0/aquila_build/aquila_mpd/aquila_mpd.srcs/sources_1/imports/src/core_rtl/core_top.v:946]
Completed static elaboration
INFO: [XSIM 43-4323] No Change in HDL. Linking previously generated obj files to create kernel
INFO: [USF-XSim-69] 'elaborate' step finished in '3' seconds
INFO: [USF-XSim-4] XSim::Simulate design
INFO: [USF-XSim-61] Executing 'SIMULATE' step in '/home/kungtacheng/mpd/lab0/aquila_build/aquila_mpd/aquila_mpd.sim/sim_1/behav/xsim'
INFO: [USF-XSim-98] *** Running xsim
   with args "soc_tb_behav -key {Behavioral:sim_1:Functional:soc_tb} -tclbatch {soc_tb.tcl} -log {simulate.log}"
INFO: [USF-XSim-8] Loading simulator feature
Time resolution is 1 ps
source soc_tb.tcl
# set curr_wave [current_wave_config]
# if { [string length $curr_wave] == 0 } {
#   if { [llength [get_objects]] > 0} {
#     add_wave /
#     set_property needs_save false [current_wave_config]
#   } else {
#      send_msg_id Add_Wave-1 WARNING "No top level signals found. Simulator will start without a wave window. If you want to open a wave window go to 'File->New Waveform Configuration' or type 'create_wave_config' in the TCL console."
#   }
# }
# run 1000ns
INFO: [USF-XSim-96] XSim completed. Design snapshot 'soc_tb_behav' loaded.
INFO: [USF-XSim-97] XSim simulation ran for 1000ns
launch_simulation: Time (s): cpu = 00:00:17 ; elapsed = 00:00:11 . Memory (MB): peak = 8022.762 ; gain = 7.969 ; free physical = 6507 ; free virtual = 12144
run all
=======================================================================
Copyright (c) 2019-2024, EISL@NYCU, Hsinchu, Taiwan.
The Aquila SoC is ready.
Waiting for an ELF file to be sent from the UART ...
INFO: [Common 17-41] Interrupt caught. Command should exit soon.
run: Time (s): cpu = 00:00:16 ; elapsed = 00:00:26 . Memory (MB): peak = 8034.762 ; gain = 12.000 ; free physical = 6427 ; free virtual = 12123
INFO: [Common 17-344] 'run' was cancelled
restart
INFO: [Wavedata 42-604] Simulation restarted
run all
=======================================================================
Copyright (c) 2019-2024, EISL@NYCU, Hsinchu, Taiwan.
The Aquila SoC is ready.
Waiting for an ELF file to be sent from the UART ...
run: Time (s): cpu = 00:00:20 ; elapsed = 00:00:21 . Memory (MB): peak = 8084.762 ; gain = 39.871 ; free physical = 6030 ; free virtual = 11837
restart
INFO: [Wavedata 42-604] Simulation restarted
run all
=======================================================================
Copyright (c) 2019-2024, EISL@NYCU, Hsinchu, Taiwan.
The Aquila SoC is ready.
Waiting for an ELF file to be sent from the UART ...
run: Time (s): cpu = 00:00:37 ; elapsed = 00:00:35 . Memory (MB): peak = 8104.895 ; gain = 0.133 ; free physical = 6114 ; free virtual = 12031
restart
INFO: [Wavedata 42-604] Simulation restarted
run all
=======================================================================
Copyright (c) 2019-2024, EISL@NYCU, Hsinchu, Taiwan.
The Aquila SoC is ready.
Waiting for an ELF file to be sent from the UART ...
run: Time (s): cpu = 00:00:06 ; elapsed = 00:00:09 . Memory (MB): peak = 8104.895 ; gain = 0.000 ; free physical = 6096 ; free virtual = 12030
run 1 us
restart
INFO: [Wavedata 42-604] Simulation restarted
restart
INFO: [Wavedata 42-604] Simulation restarted
run 1 ms
=======================================================================
Copyright (c) 2019-2024, EISL@NYCU, Hsinchu, Taiwan.
The Aquila SoC is ready.
Waiting for an ELF file to be sent from the UART ...
run: Time (s): cpu = 00:00:10 ; elapsed = 00:00:15 . Memory (MB): peak = 8104.895 ; gain = 0.000 ; free physical = 6077 ; free virtual = 12027
restart
INFO: [Wavedata 42-604] Simulation restarted
run 35 ms
=======================================================================
Copyright (c) 2019-2024, EISL@NYCU, Hsinchu, Taiwan.
The Aquila SoC is ready.
Waiting for an ELF file to be sent from the UART ...

Program entry point at 0x1A70, size = 0x9FF8.
-----------------------------------------------------------------------

Dhrystone Benchmark, Version 2.1 (Language: C)

Program compiled without 'register' attribute

Execution starts, 500 runs through Dhrystone
Execution ends

Final values of the variables used in the benchmark:

Int_Glob:            5
        should be:   5
Bool_Glob:           1
        should be:   1
Ch_1_Glob:           c
        should be:   c
Ch_2_Glob:           c
        should be:   c
Arr_1_Glob[8]:       7
        should be:   7
Arr_2_Glob[8][7]:    510
        should be:   Number_Of_Runs + 10
Ptr_Glob->
  Ptr_Comp:          45412
        should be:   (implementation-dependent)
  Discr:             0
        should be:   0
  Enum_Comp:         2
        should be:   2
  Int_Comp:          17
        should be:   17
  Str_Comp:          DHRYSTONE PROGRAM, SOME STRING
        should be:   DHRYSTONE PROGRAM, SOME STRING
Next_Ptr_Glob->
  Ptr_Comp:          45412
        should be:   (implementation-dependent), same as above
  Discr:             0
        should be:   0
  Enum_Comp:         1
        should be:   1
  Int_Comp:          18
        should be:   18
  Str_Comp:          DHRYSTONE PROGRAM, SOME STRING
        should be:   DHRYSTONE PROGRAM, SOME STRING
Int_1_Loc:           5
        should be:   5
Int_2_Loc:           13
        should be:   13
Int_3_Loc:           7
        should be:   7
Enum_Loc:            1
        should be:   1
Str_1_Loc:           DHRYSTONE PROGRAM, 1'ST STRING
        should be:   DHRYSTONE PROGRAM, 1'ST STRING
Str_2_Loc:           DHRYSTONE PROGRAM, 2'ND STRING
        should be:   DHRYSTONE PROGRAM, 2'ND STRING

It tooks     0.01 seconds.
Microseconds for one run through Dhrystone: 14.866000 
Dhrystones per Second:                      67267.6 
VAX MIPS:                                     38.3 
DMIPS/Mhz:                                     0.77

Simulation finished.
$finish called at time : 15636615 ns : File "/home/kungtacheng/mpd/lab0/aquila_build/aquila_mpd/aquila_mpd.srcs/sim_1/imports/soc_rtl/soc_tb.v" Line 207
run: Time (s): cpu = 00:00:31 ; elapsed = 00:01:29 . Memory (MB): peak = 8114.629 ; gain = 9.734 ; free physical = 6048 ; free virtual = 12122
current_wave_config {Untitled 2}
Untitled 2
add_wave {{/soc_tb/Aquila_SoC/RISCV_CORE0/Pipeline_Control/unsupported_instr_i}} {{/soc_tb/Aquila_SoC/RISCV_CORE0/Pipeline_Control/is_load_hazard}} {{/soc_tb/Aquila_SoC/RISCV_CORE0/Pipeline_Control/branch_hit_i}} {{/soc_tb/Aquila_SoC/RISCV_CORE0/Pipeline_Control/branch_taken_i}} {{/soc_tb/Aquila_SoC/RISCV_CORE0/Pipeline_Control/branch_misprediction_i}} {{/soc_tb/Aquila_SoC/RISCV_CORE0/Pipeline_Control/is_fencei_i}} {{/soc_tb/Aquila_SoC/RISCV_CORE0/Pipeline_Control/sys_jump_i}} {{/soc_tb/Aquila_SoC/RISCV_CORE0/Pipeline_Control/flush2fet_o}} {{/soc_tb/Aquila_SoC/RISCV_CORE0/Pipeline_Control/flush2dec_o}} {{/soc_tb/Aquila_SoC/RISCV_CORE0/Pipeline_Control/flush2exe_o}} {{/soc_tb/Aquila_SoC/RISCV_CORE0/Pipeline_Control/flush2mem_o}} {{/soc_tb/Aquila_SoC/RISCV_CORE0/Pipeline_Control/flush2wbk_o}} {{/soc_tb/Aquila_SoC/RISCV_CORE0/Pipeline_Control/data_hazard_o}} {{/soc_tb/Aquila_SoC/RISCV_CORE0/Pipeline_Control/branch_flush}} 
current_wave_config {Untitled 2}
Untitled 2
add_wave {{/soc_tb/Aquila_SoC/RISCV_CORE0/Program_Counter/pc_o}} 
restart
INFO: [Wavedata 42-604] Simulation restarted
run 35 ms
=======================================================================
Copyright (c) 2019-2024, EISL@NYCU, Hsinchu, Taiwan.
The Aquila SoC is ready.
Waiting for an ELF file to be sent from the UART ...
INFO: [Common 17-41] Interrupt caught. Command should exit soon.
run: Time (s): cpu = 00:00:26 ; elapsed = 00:00:30 . Memory (MB): peak = 8134.762 ; gain = 0.000 ; free physical = 5933 ; free virtual = 11904
INFO: [Common 17-344] 'run' was cancelled
restart
INFO: [Wavedata 42-604] Simulation restarted
run 35 ms
=======================================================================
Copyright (c) 2019-2024, EISL@NYCU, Hsinchu, Taiwan.
The Aquila SoC is ready.
Waiting for an ELF file to be sent from the UART ...

Program entry point at 0x1A70, size = 0x9FF8.
-----------------------------------------------------------------------

Dhrystone Benchmark, Version 2.1 (Language: C)

Program compiled without 'register' attribute

Execution starts, 10 runs through Dhrystone
Execution ends

Final values of the variables used in the benchmark:

Int_Glob:            5
        should be:   5
Bool_Glob:           1
        should be:   1
Ch_1_Glob:           c
        should be:   c
Ch_2_Glob:           c
        should be:   c
Arr_1_Glob[8]:       7
        should be:   7
Arr_2_Glob[8][7]:    20
        should be:   Number_Of_Runs + 10
Ptr_Glob->
  Ptr_Comp:          45412
        should be:   (implementation-dependent)
  Discr:             0
        should be:   0
  Enum_Comp:         2
        should be:   2
  Int_Comp:          17
        should be:   17
  Str_Comp:          DHRYSTONE PROGRAM, SOME STRING
        should be:   DHRYSTONE PROGRAM, SOME STRING
Next_Ptr_Glob->
  Ptr_Comp:          45412
        should be:   (implementation-dependent), same as above
  Discr:             0
        should be:   0
  Enum_Comp:         1
        should be:   1
  Int_Comp:          18
        should be:   18
  Str_Comp:          DHRYSTONE PROGRAM, SOME STRING
        should be:   DHRYSTONE PROGRAM, SOME STRING
Int_1_Loc:           5
        should be:   5
Int_2_Loc:           13
        should be:   13
Int_3_Loc:           7
        should be:   7
Enum_Loc:            1
        should be:   1
Str_1_Loc:           DHRYSTONE PROGRAM, 1'ST STRING
        should be:   DHRYSTONE PROGRAM, 1'ST STRING
Str_2_Loc:           DHRYSTONE PROGRAM, 2'ND STRING
        should be:   DHRYSTONE PROGRAM, 2'ND STRING

It tooks     0.00 seconds.
Microseconds for one run through Dhrystone: 15.200000 
Dhrystones per Second:                      65789.5 
VAX MIPS:                                     37.4 
DMIPS/Mhz:                                     0.75

Simulation finished.
$finish called at time : 11987495 ns : File "/home/kungtacheng/mpd/lab0/aquila_build/aquila_mpd/aquila_mpd.srcs/sim_1/imports/soc_rtl/soc_tb.v" Line 207
run: Time (s): cpu = 00:00:40 ; elapsed = 00:01:09 . Memory (MB): peak = 8134.762 ; gain = 0.000 ; free physical = 5961 ; free virtual = 12051
current_wave_config {Untitled 2}
Untitled 2
add_wave {{/soc_tb/Aquila_SoC/RISCV_CORE0/stall_i}} {{/soc_tb/Aquila_SoC/RISCV_CORE0/stall_data_hazard}} {{/soc_tb/Aquila_SoC/RISCV_CORE0/stall_from_exe}} {{/soc_tb/Aquila_SoC/RISCV_CORE0/stall_instr_fetch}} {{/soc_tb/Aquila_SoC/RISCV_CORE0/stall_data_fetch}} {{/soc_tb/Aquila_SoC/RISCV_CORE0/stall_pipeline}} 
restart
INFO: [Wavedata 42-604] Simulation restarted
run 35 ms
=======================================================================
Copyright (c) 2019-2024, EISL@NYCU, Hsinchu, Taiwan.
The Aquila SoC is ready.
Waiting for an ELF file to be sent from the UART ...

Program entry point at 0x1A70, size = 0x9FF8.
-----------------------------------------------------------------------

Dhrystone Benchmark, Version 2.1 (Language: C)

Program compiled without 'register' attribute

Execution starts, 10 runs through Dhrystone
Execution ends

Final values of the variables used in the benchmark:

Int_Glob:            5
        should be:   5
Bool_Glob:           1
        should be:   1
Ch_1_Glob:           c
        should be:   c
Ch_2_Glob:           c
        should be:   c
Arr_1_Glob[8]:       7
        should be:   7
Arr_2_Glob[8][7]:    20
        should be:   Number_Of_Runs + 10
Ptr_Glob->
  Ptr_Comp:          45412
        should be:   (implementation-dependent)
  Discr:             0
        should be:   0
  Enum_Comp:         2
        should be:   2
  Int_Comp:          17
        should be:   17
  Str_Comp:          DHRYSTONE PROGRAM, SOME STRING
        should be:   DHRYSTONE PROGRAM, SOME STRING
Next_Ptr_Glob->
  Ptr_Comp:          45412
        should be:   (implementation-dependent), same as above
  Discr:             0
        should be:   0
  Enum_Comp:         1
        should be:   1
  Int_Comp:          18
        should be:   18
  Str_Comp:          DHRYSTONE PROGRAM, SOME STRING
        should be:   DHRYSTONE PROGRAM, SOME STRING
Int_1_Loc:           5
        should be:   5
Int_2_Loc:           13
        should be:   13
Int_3_Loc:           7
        should be:   7
Enum_Loc:            1
        should be:   1
Str_1_Loc:           DHRYSTONE PROGRAM, 1'ST STRING
        should be:   DHRYSTONE PROGRAM, 1'ST STRING
Str_2_Loc:           DHRYSTONE PROGRAM, 2'ND STRING
        should be:   DHRYSTONE PROGRAM, 2'ND STRING

It tooks     0.00 seconds.
Microseconds for one run through Dhrystone: 15.200000 
Dhrystones per Second:                      65789.5 
VAX MIPS:                                     37.4 
DMIPS/Mhz:                                     0.75

Simulation finished.
$finish called at time : 11987495 ns : File "/home/kungtacheng/mpd/lab0/aquila_build/aquila_mpd/aquila_mpd.srcs/sim_1/imports/soc_rtl/soc_tb.v" Line 207
run: Time (s): cpu = 00:00:35 ; elapsed = 00:01:08 . Memory (MB): peak = 8134.762 ; gain = 0.000 ; free physical = 5621 ; free virtual = 11782
current_wave_config {Untitled 2}
Untitled 2
add_wave {{/soc_tb/Aquila_SoC/RISCV_CORE0/exe_re}} 
current_wave_config {Untitled 2}
Untitled 2
add_wave {{/soc_tb/Aquila_SoC/RISCV_CORE0/exe_we}} 
restart
INFO: [Wavedata 42-604] Simulation restarted
run 35 ms
=======================================================================
Copyright (c) 2019-2024, EISL@NYCU, Hsinchu, Taiwan.
The Aquila SoC is ready.
Waiting for an ELF file to be sent from the UART ...

Program entry point at 0x1A70, size = 0x9FF8.
-----------------------------------------------------------------------

Dhrystone Benchmark, Version 2.1 (Language: C)

Program compiled without 'register' attribute

Execution starts, 10 runs through Dhrystone
Execution ends

Final values of the variables used in the benchmark:

Int_Glob:            5
        should be:   5
Bool_Glob:           1
        should be:   1
Ch_1_Glob:           c
        should be:   c
Ch_2_Glob:           c
        should be:   c
Arr_1_Glob[8]:       7
        should be:   7
Arr_2_Glob[8][7]:    20
        should be:   Number_Of_Runs + 10
Ptr_Glob->
  Ptr_Comp:          45412
        should be:   (implementation-dependent)
  Discr:             0
        should be:   0
  Enum_Comp:         2
        should be:   2
  Int_Comp:          17
        should be:   17
  Str_Comp:          DHRYSTONE PROGRAM, SOME STRING
        should be:   DHRYSTONE PROGRAM, SOME STRING
Next_Ptr_Glob->
  Ptr_Comp:          45412
        should be:   (implementation-dependent), same as above
  Discr:             0
        should be:   0
  Enum_Comp:         1
        should be:   1
  Int_Comp:          18
        should be:   18
  Str_Comp:          DHRYSTONE PROGRAM, SOME STRING
        should be:   DHRYSTONE PROGRAM, SOME STRING
Int_1_Loc:           5
        should be:   5
Int_2_Loc:           13
        should be:   13
Int_3_Loc:           7
        should be:   7
Enum_Loc:            1
        should be:   1
Str_1_Loc:           DHRYSTONE PROGRAM, 1'ST STRING
        should be:   DHRYSTONE PROGRAM, 1'ST STRING
Str_2_Loc:           DHRYSTONE PROGRAM, 2'ND STRING
        should be:   DHRYSTONE PROGRAM, 2'ND STRING

It tooks     0.00 seconds.
Microseconds for one run through Dhrystone: 15.200000 
Dhrystones per Second:                      65789.5 
VAX MIPS:                                     37.4 
DMIPS/Mhz:                                     0.75

Simulation finished.
$finish called at time : 11987495 ns : File "/home/kungtacheng/mpd/lab0/aquila_build/aquila_mpd/aquila_mpd.srcs/sim_1/imports/soc_rtl/soc_tb.v" Line 207
run: Time (s): cpu = 00:00:38 ; elapsed = 00:01:15 . Memory (MB): peak = 8134.797 ; gain = 0.000 ; free physical = 4869 ; free virtual = 11083
